2016-04-01T05:29:43+00:00 DEBUG (7): HEADERS ALREADY SENT: <pre>[0] D:\xampp\htdocs\xproject\fastest_magento1\app\code\core\Mage\Core\Controller\Response\Http.php:52
[1] D:\xampp\htdocs\xproject\fastest_magento1\lib\Zend\Controller\Response\Abstract.php:768
[2] D:\xampp\htdocs\xproject\fastest_magento1\app\code\core\Mage\Core\Controller\Response\Http.php:84
[3] D:\xampp\htdocs\xproject\fastest_magento1\app\code\core\Mage\Core\Controller\Varien\Front.php:184
[4] D:\xampp\htdocs\xproject\fastest_magento1\app\code\core\Mage\Core\Model\App.php:365
[5] D:\xampp\htdocs\xproject\fastest_magento1\app\Mage.php:684
[6] D:\xampp\htdocs\xproject\fastest_magento1\index.php:87
</pre>
2016-04-04T02:32:55+00:00 DEBUG (7): Security problem: newsletter/subscribe has not been whitelisted.
2016-04-04T02:32:58+00:00 DEBUG (7): Security problem: newsletter/subscribe has not been whitelisted.
2016-04-04T02:33:00+00:00 DEBUG (7): Security problem: newsletter/subscribe has not been whitelisted.
2016-04-04T02:33:53+00:00 DEBUG (7): Security problem: newsletter/subscribe has not been whitelisted.
2016-04-04T02:33:56+00:00 DEBUG (7): Security problem: newsletter/subscribe has not been whitelisted.
2016-04-04T02:33:58+00:00 DEBUG (7): Security problem: newsletter/subscribe has not been whitelisted.
2016-04-04T03:12:18+00:00 DEBUG (7): Security problem: newsletter/subscribe has not been whitelisted.
2016-04-04T03:12:21+00:00 DEBUG (7): Security problem: newsletter/subscribe has not been whitelisted.
2016-04-04T03:12:23+00:00 DEBUG (7): Security problem: newsletter/subscribe has not been whitelisted.
2016-04-04T03:12:39+00:00 DEBUG (7): Security problem: newsletter/subscribe has not been whitelisted.
2016-04-04T03:12:42+00:00 DEBUG (7): Security problem: newsletter/subscribe has not been whitelisted.
2016-04-04T03:12:44+00:00 DEBUG (7): Security problem: newsletter/subscribe has not been whitelisted.
2016-04-04T03:16:55+00:00 DEBUG (7): Security problem: newsletter/subscribe has not been whitelisted.
2016-04-04T03:39:35+00:00 DEBUG (7): Security problem: newsletter/subscribe has not been whitelisted.
2016-04-04T03:39:38+00:00 DEBUG (7): Security problem: newsletter/subscribe has not been whitelisted.
2016-04-04T03:39:40+00:00 DEBUG (7): Security problem: newsletter/subscribe has not been whitelisted.
2016-04-04T03:44:55+00:00 DEBUG (7): Security problem: newsletter/subscribe has not been whitelisted.
2016-04-04T03:44:57+00:00 DEBUG (7): Security problem: newsletter/subscribe has not been whitelisted.
2016-04-04T03:44:59+00:00 DEBUG (7): Security problem: newsletter/subscribe has not been whitelisted.
2016-04-05T03:05:56+00:00 DEBUG (7): Security problem: core/template has not been whitelisted.
2016-04-05T03:05:56+00:00 DEBUG (7): Security problem: core/template has not been whitelisted.
2016-04-05T03:08:07+00:00 DEBUG (7): Security problem: core/template has not been whitelisted.
2016-04-05T03:08:07+00:00 DEBUG (7): Security problem: core/template has not been whitelisted.
2016-04-05T03:08:43+00:00 DEBUG (7): Security problem: core/template has not been whitelisted.
2016-04-05T03:08:43+00:00 DEBUG (7): Security problem: core/template has not been whitelisted.
2016-04-05T03:09:08+00:00 DEBUG (7): Security problem: core/template has not been whitelisted.
2016-04-05T03:09:08+00:00 DEBUG (7): Security problem: core/template has not been whitelisted.
2016-04-05T03:09:17+00:00 DEBUG (7): Security problem: core/template has not been whitelisted.
2016-04-05T03:09:17+00:00 DEBUG (7): Security problem: core/template has not been whitelisted.
2016-04-05T03:09:18+00:00 DEBUG (7): Security problem: core/template has not been whitelisted.
2016-04-05T03:09:18+00:00 DEBUG (7): Security problem: core/template has not been whitelisted.
2016-04-05T03:09:19+00:00 DEBUG (7): Security problem: core/template has not been whitelisted.
2016-04-05T03:09:19+00:00 DEBUG (7): Security problem: core/template has not been whitelisted.
2016-04-05T03:11:13+00:00 DEBUG (7): Security problem: core/template has not been whitelisted.
2016-04-05T03:11:13+00:00 DEBUG (7): Security problem: core/template has not been whitelisted.
2016-04-05T03:11:15+00:00 DEBUG (7): Security problem: core/template has not been whitelisted.
2016-04-05T03:11:15+00:00 DEBUG (7): Security problem: core/template has not been whitelisted.
2016-04-05T03:11:15+00:00 DEBUG (7): Security problem: core/template has not been whitelisted.
2016-04-05T03:11:15+00:00 DEBUG (7): Security problem: core/template has not been whitelisted.
2016-04-05T03:14:50+00:00 DEBUG (7): Security problem: core/template has not been whitelisted.
2016-04-05T03:14:50+00:00 DEBUG (7): Security problem: core/template has not been whitelisted.
2016-04-05T03:14:52+00:00 DEBUG (7): Security problem: core/template has not been whitelisted.
2016-04-05T03:14:52+00:00 DEBUG (7): Security problem: core/template has not been whitelisted.
2016-04-05T03:14:53+00:00 DEBUG (7): Security problem: core/template has not been whitelisted.
2016-04-05T03:14:53+00:00 DEBUG (7): Security problem: core/template has not been whitelisted.
2016-04-05T03:14:56+00:00 DEBUG (7): Security problem: core/template has not been whitelisted.
2016-04-05T03:16:12+00:00 DEBUG (7): Security problem: core/template has not been whitelisted.
2016-04-05T03:18:38+00:00 DEBUG (7): Security problem: core/template has not been whitelisted.
2016-04-05T03:20:08+00:00 DEBUG (7): Security problem: core/template has not been whitelisted.
2016-04-05T03:20:08+00:00 DEBUG (7): Security problem: core/template has not been whitelisted.
2016-04-05T03:23:37+00:00 CRIT (2): Not valid template file:frontend\base\default\template\page/html/codazon_footer/footer_style_03.phtml
2016-04-05T03:23:38+00:00 CRIT (2): Not valid template file:frontend\base\default\template\page/html/codazon_footer/footer_style_03.phtml
2016-04-05T03:23:39+00:00 CRIT (2): Not valid template file:frontend\base\default\template\page/html/codazon_footer/footer_style_03.phtml
2016-04-05T03:23:48+00:00 DEBUG (7): Security problem: core/template has not been whitelisted.
2016-04-05T03:23:53+00:00 DEBUG (7): Security problem: core/template has not been whitelisted.
2016-04-05T03:23:53+00:00 DEBUG (7): Security problem: core/template has not been whitelisted.
2016-04-05T03:24:07+00:00 DEBUG (7): Security problem: core/template has not been whitelisted.
2016-04-05T03:24:07+00:00 DEBUG (7): Security problem: core/template has not been whitelisted.
2016-04-05T03:24:09+00:00 DEBUG (7): Security problem: core/template has not been whitelisted.
2016-04-05T03:32:59+00:00 DEBUG (7): Security problem: core/template has not been whitelisted.
2016-04-05T03:34:35+00:00 DEBUG (7): Security problem: core/template has not been whitelisted.
2016-04-05T03:45:08+00:00 DEBUG (7): Security problem: core/template has not been whitelisted.
2016-04-05T03:50:21+00:00 DEBUG (7): Security problem: core/template has not been whitelisted.
2016-04-05T03:53:36+00:00 DEBUG (7): Security problem: core/template has not been whitelisted.
2016-04-05T03:53:36+00:00 DEBUG (7): Security problem: core/template has not been whitelisted.
2016-04-05T03:55:06+00:00 DEBUG (7): Security problem: core/template has not been whitelisted.
2016-04-05T03:56:06+00:00 DEBUG (7): Security problem: core/template has not been whitelisted.
2016-04-05T03:56:36+00:00 DEBUG (7): Security problem: newsletter/subscribe has not been whitelisted.
2016-04-05T03:56:38+00:00 DEBUG (7): Security problem: newsletter/subscribe has not been whitelisted.
2016-04-05T03:56:40+00:00 DEBUG (7): Security problem: newsletter/subscribe has not been whitelisted.
2016-04-05T03:56:41+00:00 DEBUG (7): Security problem: core/template has not been whitelisted.
2016-04-05T03:56:56+00:00 DEBUG (7): Security problem: core/template has not been whitelisted.
2016-04-05T03:59:39+00:00 DEBUG (7): Security problem: newsletter/subscribe has not been whitelisted.
2016-04-05T04:01:28+00:00 DEBUG (7): Security problem: newsletter/subscribe has not been whitelisted.
2016-04-05T04:04:15+00:00 DEBUG (7): Security problem: core/template has not been whitelisted.
2016-04-05T04:10:26+00:00 DEBUG (7): Security problem: newsletter/subscribe has not been whitelisted.
2016-04-05T04:10:56+00:00 DEBUG (7): Security problem: core/template has not been whitelisted.
2016-04-05T04:10:56+00:00 DEBUG (7): Security problem: core/template has not been whitelisted.
2016-04-05T04:10:58+00:00 DEBUG (7): Security problem: core/template has not been whitelisted.
2016-04-05T04:11:03+00:00 DEBUG (7): Security problem: newsletter/subscribe has not been whitelisted.
2016-04-05T04:11:25+00:00 DEBUG (7): Security problem: newsletter/subscribe has not been whitelisted.
2016-04-05T04:13:51+00:00 DEBUG (7): Security problem: newsletter/subscribe has not been whitelisted.
2016-04-05T04:13:58+00:00 DEBUG (7): Security problem: newsletter/subscribe has not been whitelisted.
2016-04-05T04:14:01+00:00 DEBUG (7): Security problem: newsletter/subscribe has not been whitelisted.
2016-04-05T04:14:03+00:00 DEBUG (7): Security problem: newsletter/subscribe has not been whitelisted.
2016-04-05T04:15:01+00:00 DEBUG (7): Security problem: newsletter/subscribe has not been whitelisted.
2016-04-05T04:15:45+00:00 DEBUG (7): Security problem: newsletter/subscribe has not been whitelisted.
2016-04-05T04:15:58+00:00 DEBUG (7): Security problem: newsletter/subscribe has not been whitelisted.
2016-04-05T04:16:14+00:00 DEBUG (7): Security problem: newsletter/subscribe has not been whitelisted.
2016-04-05T04:16:28+00:00 DEBUG (7): Security problem: core/template has not been whitelisted.
2016-04-05T04:17:16+00:00 DEBUG (7): Security problem: newsletter/subscribe has not been whitelisted.
2016-04-05T04:17:31+00:00 DEBUG (7): Security problem: newsletter/subscribe has not been whitelisted.
2016-04-05T04:17:31+00:00 DEBUG (7): Security problem: core/template has not been whitelisted.
2016-04-05T04:17:31+00:00 DEBUG (7): Security problem: core/template has not been whitelisted.
2016-04-05T04:18:38+00:00 DEBUG (7): Security problem: core/template has not been whitelisted.
2016-04-05T04:18:38+00:00 DEBUG (7): Security problem: core/template has not been whitelisted.
2016-04-05T04:18:42+00:00 DEBUG (7): Security problem: core/template has not been whitelisted.
2016-04-05T04:18:42+00:00 DEBUG (7): Security problem: core/template has not been whitelisted.
2016-04-05T04:18:58+00:00 DEBUG (7): Security problem: newsletter/subscribe has not been whitelisted.
2016-04-05T04:19:44+00:00 DEBUG (7): Security problem: core/template has not been whitelisted.
2016-04-05T04:19:48+00:00 DEBUG (7): Security problem: newsletter/subscribe has not been whitelisted.
2016-04-05T04:21:06+00:00 DEBUG (7): Security problem: newsletter/subscribe has not been whitelisted.
2016-04-05T04:22:13+00:00 DEBUG (7): Security problem: newsletter/subscribe has not been whitelisted.
2016-04-05T04:22:28+00:00 DEBUG (7): Security problem: newsletter/subscribe has not been whitelisted.
2016-04-05T04:22:42+00:00 DEBUG (7): Security problem: newsletter/subscribe has not been whitelisted.
2016-04-05T04:23:11+00:00 DEBUG (7): Security problem: newsletter/subscribe has not been whitelisted.
2016-04-05T04:24:16+00:00 DEBUG (7): Security problem: newsletter/subscribe has not been whitelisted.
2016-04-05T04:24:24+00:00 DEBUG (7): Security problem: core/template has not been whitelisted.
2016-04-05T04:24:51+00:00 DEBUG (7): Security problem: newsletter/subscribe has not been whitelisted.
2016-04-05T04:25:03+00:00 DEBUG (7): Security problem: newsletter/subscribe has not been whitelisted.
2016-04-05T04:25:32+00:00 DEBUG (7): Security problem: newsletter/subscribe has not been whitelisted.
2016-04-05T04:25:35+00:00 DEBUG (7): Security problem: newsletter/subscribe has not been whitelisted.
2016-04-05T04:25:36+00:00 DEBUG (7): Security problem: newsletter/subscribe has not been whitelisted.
2016-04-05T04:26:09+00:00 DEBUG (7): Security problem: newsletter/subscribe has not been whitelisted.
2016-04-05T04:26:12+00:00 DEBUG (7): Security problem: newsletter/subscribe has not been whitelisted.
2016-04-05T04:26:14+00:00 DEBUG (7): Security problem: newsletter/subscribe has not been whitelisted.
2016-04-05T04:27:16+00:00 DEBUG (7): Security problem: newsletter/subscribe has not been whitelisted.
2016-04-05T04:27:18+00:00 DEBUG (7): Security problem: newsletter/subscribe has not been whitelisted.
2016-04-05T04:27:20+00:00 DEBUG (7): Security problem: newsletter/subscribe has not been whitelisted.
2016-04-05T04:27:22+00:00 DEBUG (7): Security problem: newsletter/subscribe has not been whitelisted.
2016-04-05T04:27:22+00:00 DEBUG (7): Security problem: newsletter/subscribe has not been whitelisted.
2016-04-05T04:27:44+00:00 DEBUG (7): Security problem: core/template has not been whitelisted.
2016-04-05T04:29:29+00:00 DEBUG (7): Security problem: core/template has not been whitelisted.
2016-04-05T04:29:34+00:00 DEBUG (7): Security problem: core/template has not been whitelisted.
2016-04-05T04:29:38+00:00 DEBUG (7): Security problem: core/template has not been whitelisted.
2016-04-05T04:30:17+00:00 DEBUG (7): Security problem: core/template has not been whitelisted.
2016-04-05T04:32:58+00:00 DEBUG (7): Security problem: core/template has not been whitelisted.
2016-04-05T04:39:59+00:00 DEBUG (7): Security problem: core/template has not been whitelisted.
2016-04-05T04:40:00+00:00 DEBUG (7): Security problem: core/template has not been whitelisted.
2016-04-05T04:40:00+00:00 DEBUG (7): Security problem: core/template has not been whitelisted.
2016-04-05T04:40:10+00:00 DEBUG (7): Security problem: core/template has not been whitelisted.
2016-04-05T04:41:10+00:00 DEBUG (7): Security problem: core/template has not been whitelisted.
2016-04-05T04:41:10+00:00 DEBUG (7): Security problem: core/template has not been whitelisted.
2016-04-05T04:44:36+00:00 DEBUG (7): Security problem: core/template has not been whitelisted.
2016-04-05T04:44:36+00:00 DEBUG (7): Security problem: core/template has not been whitelisted.
2016-04-05T04:44:58+00:00 DEBUG (7): Security problem: core/template has not been whitelisted.
2016-04-05T04:44:58+00:00 DEBUG (7): Security problem: core/template has not been whitelisted.
2016-04-05T04:45:43+00:00 DEBUG (7): Security problem: newsletter/subscribe has not been whitelisted.
2016-04-05T04:45:43+00:00 DEBUG (7): Security problem: core/template has not been whitelisted.
2016-04-05T04:46:12+00:00 DEBUG (7): Security problem: newsletter/subscribe has not been whitelisted.
2016-04-05T04:46:12+00:00 DEBUG (7): Security problem: core/template has not been whitelisted.
2016-04-05T04:46:18+00:00 DEBUG (7): Security problem: newsletter/subscribe has not been whitelisted.
2016-04-05T04:46:18+00:00 DEBUG (7): Security problem: core/template has not been whitelisted.
2016-04-05T04:47:12+00:00 DEBUG (7): Security problem: newsletter/subscribe has not been whitelisted.
2016-04-05T04:47:12+00:00 DEBUG (7): Security problem: core/template has not been whitelisted.
2016-04-06T07:27:10+00:00 DEBUG (7): Security problem: newsletter/subscribe has not been whitelisted.
2016-04-06T07:28:10+00:00 DEBUG (7): Security problem: newsletter/subscribe has not been whitelisted.
2016-04-06T07:33:27+00:00 DEBUG (7): Security problem: newsletter/subscribe has not been whitelisted.
2016-04-06T07:33:29+00:00 DEBUG (7): Security problem: newsletter/subscribe has not been whitelisted.
2016-04-06T07:33:29+00:00 DEBUG (7): Security problem: newsletter/subscribe has not been whitelisted.
2016-04-06T07:33:55+00:00 DEBUG (7): Security problem: newsletter/subscribe has not been whitelisted.
2016-04-06T07:33:57+00:00 DEBUG (7): Security problem: newsletter/subscribe has not been whitelisted.
2016-04-06T07:33:59+00:00 DEBUG (7): Security problem: newsletter/subscribe has not been whitelisted.
2016-04-06T07:34:11+00:00 DEBUG (7): Security problem: newsletter/subscribe has not been whitelisted.
2016-04-06T07:34:13+00:00 DEBUG (7): Security problem: newsletter/subscribe has not been whitelisted.
2016-04-06T07:34:15+00:00 DEBUG (7): Security problem: newsletter/subscribe has not been whitelisted.
2016-04-06T07:34:16+00:00 DEBUG (7): Security problem: newsletter/subscribe has not been whitelisted.
2016-04-06T07:34:20+00:00 DEBUG (7): Security problem: newsletter/subscribe has not been whitelisted.
2016-04-06T07:34:33+00:00 DEBUG (7): Security problem: newsletter/subscribe has not been whitelisted.
2016-04-06T07:34:36+00:00 DEBUG (7): Security problem: newsletter/subscribe has not been whitelisted.
2016-04-06T07:35:23+00:00 DEBUG (7): Security problem: newsletter/subscribe has not been whitelisted.
2016-04-06T07:35:29+00:00 DEBUG (7): Security problem: newsletter/subscribe has not been whitelisted.
2016-04-06T07:36:46+00:00 DEBUG (7): Security problem: newsletter/subscribe has not been whitelisted.
2016-04-06T07:36:59+00:00 DEBUG (7): Security problem: newsletter/subscribe has not been whitelisted.
2016-04-06T07:37:13+00:00 DEBUG (7): Security problem: newsletter/subscribe has not been whitelisted.
2016-04-06T07:37:37+00:00 DEBUG (7): Security problem: newsletter/subscribe has not been whitelisted.
2016-04-06T07:38:03+00:00 DEBUG (7): Security problem: newsletter/subscribe has not been whitelisted.
2016-04-06T07:38:16+00:00 DEBUG (7): Security problem: newsletter/subscribe has not been whitelisted.
2016-04-06T07:39:29+00:00 DEBUG (7): Security problem: newsletter/subscribe has not been whitelisted.
2016-04-06T07:47:11+00:00 DEBUG (7): Security problem: newsletter/subscribe has not been whitelisted.
2016-04-06T07:47:31+00:00 DEBUG (7): Security problem: newsletter/subscribe has not been whitelisted.
2016-04-06T07:47:44+00:00 DEBUG (7): Security problem: newsletter/subscribe has not been whitelisted.
2016-04-06T08:16:25+00:00 DEBUG (7): Security problem: newsletter/subscribe has not been whitelisted.
2016-04-06T08:16:27+00:00 DEBUG (7): Security problem: newsletter/subscribe has not been whitelisted.
2016-04-06T08:19:25+00:00 DEBUG (7): Security problem: newsletter/subscribe has not been whitelisted.
2016-04-06T08:19:27+00:00 DEBUG (7): Security problem: newsletter/subscribe has not been whitelisted.
2016-04-06T08:27:27+00:00 DEBUG (7): Security problem: newsletter/subscribe has not been whitelisted.
2016-04-06T08:27:29+00:00 DEBUG (7): Security problem: newsletter/subscribe has not been whitelisted.
2016-04-06T08:30:18+00:00 DEBUG (7): Security problem: newsletter/subscribe has not been whitelisted.
2016-04-06T08:30:40+00:00 DEBUG (7): Security problem: newsletter/subscribe has not been whitelisted.
2016-04-06T08:31:10+00:00 DEBUG (7): Security problem: newsletter/subscribe has not been whitelisted.
2016-04-06T08:32:04+00:00 DEBUG (7): Security problem: newsletter/subscribe has not been whitelisted.
2016-04-06T08:32:06+00:00 DEBUG (7): Security problem: newsletter/subscribe has not been whitelisted.
2016-04-06T08:32:28+00:00 DEBUG (7): Security problem: newsletter/subscribe has not been whitelisted.
2016-04-06T08:33:06+00:00 DEBUG (7): Security problem: newsletter/subscribe has not been whitelisted.
2016-04-15T08:50:25+00:00 DEBUG (7): HEADERS ALREADY SENT: <pre>[0] D:\xampp\htdocs\xproject-magento1\xproject\app\code\core\Mage\Core\Controller\Response\Http.php:52
[1] D:\xampp\htdocs\xproject-magento1\xproject\lib\Zend\Controller\Response\Abstract.php:768
[2] D:\xampp\htdocs\xproject-magento1\xproject\app\code\core\Mage\Core\Controller\Response\Http.php:84
[3] D:\xampp\htdocs\xproject-magento1\xproject\app\code\core\Mage\Core\Controller\Varien\Front.php:184
[4] D:\xampp\htdocs\xproject-magento1\xproject\app\code\core\Mage\Core\Model\App.php:365
[5] D:\xampp\htdocs\xproject-magento1\xproject\app\Mage.php:684
[6] D:\xampp\htdocs\xproject-magento1\xproject\index.php:87
</pre>
2016-04-15T08:50:25+00:00 DEBUG (7): HEADERS ALREADY SENT: <pre>[0] D:\xampp\htdocs\xproject-magento1\xproject\app\code\core\Mage\Core\Controller\Response\Http.php:52
[1] D:\xampp\htdocs\xproject-magento1\xproject\lib\Zend\Controller\Response\Abstract.php:768
[2] D:\xampp\htdocs\xproject-magento1\xproject\app\code\core\Mage\Core\Controller\Response\Http.php:84
[3] D:\xampp\htdocs\xproject-magento1\xproject\app\code\core\Mage\Core\Controller\Varien\Front.php:184
[4] D:\xampp\htdocs\xproject-magento1\xproject\app\code\core\Mage\Core\Model\App.php:365
[5] D:\xampp\htdocs\xproject-magento1\xproject\app\Mage.php:684
[6] D:\xampp\htdocs\xproject-magento1\xproject\index.php:87
</pre>
2016-04-15T08:50:25+00:00 DEBUG (7): HEADERS ALREADY SENT: <pre>[0] D:\xampp\htdocs\xproject-magento1\xproject\app\code\core\Mage\Core\Controller\Response\Http.php:52
[1] D:\xampp\htdocs\xproject-magento1\xproject\lib\Zend\Controller\Response\Abstract.php:768
[2] D:\xampp\htdocs\xproject-magento1\xproject\app\code\core\Mage\Core\Controller\Response\Http.php:84
[3] D:\xampp\htdocs\xproject-magento1\xproject\app\code\core\Mage\Core\Controller\Varien\Front.php:184
[4] D:\xampp\htdocs\xproject-magento1\xproject\app\code\core\Mage\Core\Model\App.php:365
[5] D:\xampp\htdocs\xproject-magento1\xproject\app\Mage.php:684
[6] D:\xampp\htdocs\xproject-magento1\xproject\index.php:87
</pre>
2016-04-15T08:50:26+00:00 DEBUG (7): HEADERS ALREADY SENT: <pre>[0] D:\xampp\htdocs\xproject-magento1\xproject\app\code\core\Mage\Core\Controller\Response\Http.php:52
[1] D:\xampp\htdocs\xproject-magento1\xproject\lib\Zend\Controller\Response\Abstract.php:768
[2] D:\xampp\htdocs\xproject-magento1\xproject\app\code\core\Mage\Core\Controller\Response\Http.php:84
[3] D:\xampp\htdocs\xproject-magento1\xproject\app\code\core\Mage\Core\Controller\Varien\Front.php:184
[4] D:\xampp\htdocs\xproject-magento1\xproject\app\code\core\Mage\Core\Model\App.php:365
[5] D:\xampp\htdocs\xproject-magento1\xproject\app\Mage.php:684
[6] D:\xampp\htdocs\xproject-magento1\xproject\index.php:87
</pre>
2016-04-15T08:50:30+00:00 DEBUG (7): HEADERS ALREADY SENT: <pre>[0] D:\xampp\htdocs\xproject-magento1\xproject\app\code\core\Mage\Core\Controller\Response\Http.php:52
[1] D:\xampp\htdocs\xproject-magento1\xproject\lib\Zend\Controller\Response\Abstract.php:768
[2] D:\xampp\htdocs\xproject-magento1\xproject\app\code\core\Mage\Core\Controller\Response\Http.php:84
[3] D:\xampp\htdocs\xproject-magento1\xproject\app\code\core\Mage\Core\Controller\Varien\Front.php:184
[4] D:\xampp\htdocs\xproject-magento1\xproject\app\code\core\Mage\Core\Model\App.php:365
[5] D:\xampp\htdocs\xproject-magento1\xproject\app\Mage.php:684
[6] D:\xampp\htdocs\xproject-magento1\xproject\index.php:87
</pre>
2016-04-15T08:50:30+00:00 DEBUG (7): HEADERS ALREADY SENT: <pre>[0] D:\xampp\htdocs\xproject-magento1\xproject\app\code\core\Mage\Core\Controller\Response\Http.php:52
[1] D:\xampp\htdocs\xproject-magento1\xproject\lib\Zend\Controller\Response\Abstract.php:768
[2] D:\xampp\htdocs\xproject-magento1\xproject\app\code\core\Mage\Core\Controller\Response\Http.php:84
[3] D:\xampp\htdocs\xproject-magento1\xproject\app\code\core\Mage\Core\Controller\Varien\Front.php:184
[4] D:\xampp\htdocs\xproject-magento1\xproject\app\code\core\Mage\Core\Model\App.php:365
[5] D:\xampp\htdocs\xproject-magento1\xproject\app\Mage.php:684
[6] D:\xampp\htdocs\xproject-magento1\xproject\index.php:87
</pre>
